-------------------------------------------------------------------------------
Test set: com.vuelafacil.VuelafacilApplicationTests
-------------------------------------------------------------------------------
Tests run: 1, Failures: 0, Errors: 1, Skipped: 0, Time elapsed: 1.049 s <<< FAILURE! - in com.vuelafacil.VuelafacilApplicationTests
com.vuelafacil.VuelafacilApplicationTests  Time elapsed: 1.044 s  <<< ERROR!
java.lang.IllegalStateException: Unable to find a @SpringBootConfiguration, you need to use @ContextConfiguration or @SpringBootTest(classes=...) with your test

