-------------------------------------------------------------------------------
Test set: com.vuelafacil.VuelafacilApplicationTests
-------------------------------------------------------------------------------
Tests run: 1, Failures: 0, Errors: 1, Skipped: 0, Time elapsed: 6.54 s <<< FAILURE! - in com.vuelafacil.VuelafacilApplicationTests
probarSiSeCreaUnaNuevaCategoria  Time elapsed: 0.203 s  <<< ERROR!
org.springframework.orm.jpa.JpaSystemException: could not execute statement; nested exception is org.hibernate.exception.GenericJDBCException: could not execute statement
	at com.vuelafacil.VuelafacilApplicationTests.probarSiSeCreaUnaNuevaCategoria(VuelafacilApplicationTests.java:18)
Caused by: org.hibernate.exception.GenericJDBCException: could not execute statement
	at com.vuelafacil.VuelafacilApplicationTests.probarSiSeCreaUnaNuevaCategoria(VuelafacilApplicationTests.java:18)
Caused by: java.sql.SQLException: Field 'ciudid' doesn't have a default value
	at com.vuelafacil.VuelafacilApplicationTests.probarSiSeCreaUnaNuevaCategoria(VuelafacilApplicationTests.java:18)

