<?xml version="1.0" encoding="UTF-8"?>
<testsuite xmlns:xsi="http://www.w3.org/2001/XMLSchema-instance" xsi:noNamespaceSchemaLocation="https://maven.apache.org/surefire/maven-surefire-plugin/xsd/surefire-test-report.xsd" name="com.vuelafacil.VuelafacilApplicationTests" time="9.865" tests="1" errors="0" skipped="1" failures="0">
  <properties>
[...]
</properties>
  <testcase name="probarSiSeCreaUnaNuevaCiudad" classname="com.vuelafacil.VuelafacilApplicationTests" time="0">
    <skipped message="void com.vuelafacil.VuelafacilApplicationTests.probarSiSeCreaUnaNuevaCiudad() is @Disabled"/>
    <system-out><![CDATA[20:53:21.684 [main] DEBUG org.springframework.test.context.BootstrapUtils - Instantiating CacheAwareContextLoaderDelegate from class [org.springframework.test.context.cache.DefaultCacheAwareContextLoaderDelegate]
20:53:21.698 [main] DEBUG org.springframework.test.context.BootstrapUtils - Instantiating BootstrapContext using constructor [public org.springframework.test.context.support.DefaultBootstrapContext(java.lang.Class,org.springframework.test.context.CacheAwareContextLoaderDelegate)]
20:53:21.759 [main] DEBUG org.springframework.test.context.BootstrapUtils - Instantiating TestContextBootstrapper for test class [com.vuelafacil.VuelafacilApplicationTests] from class [org.springframework.boot.test.context.SpringBootTestContextBootstrapper]
20:53:21.787 [main] INFO org.springframework.boot.test.context.SpringBootTestContextBootstrapper - Neither @ContextConfiguration nor @ContextHierarchy found for test class [com.vuelafacil.VuelafacilApplicationTests], using SpringBootContextLoader
20:53:21.794 [main] DEBUG org.springframework.test.context.support.AbstractContextLoader - Did not detect default resource location for test class [com.vuelafacil.VuelafacilApplicationTests]: class path resource [com/vuelafacil/VuelafacilApplicationTests-context.xml] does not exist
20:53:21.796 [main] DEBUG org.springframework.test.context.support.AbstractContextLoader - Did not detect default resource location for test class [com.vuelafacil.VuelafacilApplicationTests]: class path resource [com/vuelafacil/VuelafacilApplicationTestsContext.groovy] does not exist
20:53:21.796 [main] INFO org.springframework.test.context.support.AbstractContextLoader - Could not detect default resource locations for test class [com.vuelafacil.VuelafacilApplicationTests]: no resource found for suffixes {-context.xml, Context.groovy}.
20:53:21.797 [main] INFO org.springframework.test.context.support.AnnotationConfigContextLoaderUtils - Could not detect default configuration classes for test class [com.vuelafacil.VuelafacilApplicationTests]: VuelafacilApplicationTests does not declare any static, non-private, non-final, nested classes annotated with @Configuration.
20:53:21.871 [main] DEBUG org.springframework.test.context.support.ActiveProfilesUtils - Could not find an 'annotation declaring class' for annotation type [org.springframework.test.context.ActiveProfiles] and class [com.vuelafacil.VuelafacilApplicationTests]
20:53:21.971 [main] DEBUG org.springframework.context.annotation.ClassPathScanningCandidateComponentProvider - Identified candidate component class: file [/home/mariojurado/Descargas/prueba2/target/classes/com/vuelafacil/VuelafacilApplication.class]
20:53:21.973 [main] INFO org.springframework.boot.test.context.SpringBootTestContextBootstrapper - Found @SpringBootConfiguration com.vuelafacil.VuelafacilApplication for test class com.vuelafacil.VuelafacilApplicationTests
20:53:22.100 [main] DEBUG org.springframework.boot.test.context.SpringBootTestContextBootstrapper - @TestExecutionListeners is not present for class [com.vuelafacil.VuelafacilApplicationTests]: using defaults.
20:53:22.101 [main] INFO org.springframework.boot.test.context.SpringBootTestContextBootstrapper - Loaded default TestExecutionListener class names from location [META-INF/spring.factories]: [org.springframework.boot.test.mock.mockito.MockitoTestExecutionListener, org.springframework.boot.test.mock.mockito.ResetMocksTestExecutionListener, org.springframework.boot.test.autoconfigure.restdocs.RestDocsTestExecutionListener, org.springframework.boot.test.autoconfigure.web.client.MockRestServiceServerResetTestExecutionListener, org.springframework.boot.test.autoconfigure.web.servlet.MockMvcPrintOnlyOnFailureTestExecutionListener, org.springframework.boot.test.autoconfigure.web.servlet.WebDriverTestExecutionListener, org.springframework.boot.test.autoconfigure.webservices.client.MockWebServiceServerTestExecutionListener, org.springframework.test.context.web.ServletTestExecutionListener, org.springframework.test.context.support.DirtiesContextBeforeModesTestExecutionListener, org.springframework.test.context.event.ApplicationEventsTestExecutionListener, org.springframework.test.context.support.DependencyInjectionTestExecutionListener, org.springframework.test.context.support.DirtiesContextTestExecutionListener, org.springframework.test.context.transaction.TransactionalTestExecutionListener, org.springframework.test.context.jdbc.SqlScriptsTestExecutionListener, org.springframework.test.context.event.EventPublishingTestExecutionListener]
20:53:22.140 [main] INFO org.springframework.boot.test.context.SpringBootTestContextBootstrapper - Using TestExecutionListeners: [org.springframework.test.context.web.ServletTestExecutionListener@2d6c53fc, org.springframework.test.context.support.DirtiesContextBeforeModesTestExecutionListener@25f4878b, org.springframework.test.context.event.ApplicationEventsTestExecutionListener@4e423aa2, org.springframework.boot.test.mock.mockito.MockitoTestExecutionListener@7fbdb894, org.springframework.boot.test.autoconfigure.SpringBootDependencyInjectionTestExecutionListener@3081f72c, org.springframework.test.context.support.DirtiesContextTestExecutionListener@3148f668, org.springframework.test.context.transaction.TransactionalTestExecutionListener@6e005dc9, org.springframework.test.context.jdbc.SqlScriptsTestExecutionListener@7ceb3185, org.springframework.test.context.event.EventPublishingTestExecutionListener@436c81a3, org.springframework.boot.test.mock.mockito.ResetMocksTestExecutionListener@3561c410, org.springframework.boot.test.autoconfigure.restdocs.RestDocsTestExecutionListener@59e32960, org.springframework.boot.test.autoconfigure.web.client.MockRestServiceServerResetTestExecutionListener@7c214cc0, org.springframework.boot.test.autoconfigure.web.servlet.MockMvcPrintOnlyOnFailureTestExecutionListener@5b67bb7e, org.springframework.boot.test.autoconfigure.web.servlet.WebDriverTestExecutionListener@609db546, org.springframework.boot.test.autoconfigure.webservices.client.MockWebServiceServerTestExecutionListener@20f5281c]
20:53:22.148 [main] DEBUG org.springframework.test.context.support.AbstractDirtiesContextTestExecutionListener - Before test class: context [DefaultTestContext@8e50104 testClass = VuelafacilApplicationTests, testInstance = [null], testMethod = [null], testException = [null], mergedContextConfiguration = [WebMergedContextConfiguration@37e4d7bb testClass = VuelafacilApplicationTests, locations = '{}', classes = '{class com.vuelafacil.VuelafacilApplication}', contextInitializerClasses = '[]', activeProfiles = '{}', propertySourceLocations = '{}', propertySourceProperties = '{org.springframework.boot.test.context.SpringBootTestContextBootstrapper=true}', contextCustomizers = set[org.springframework.boot.test.context.filter.ExcludeFilterContextCustomizer@49dc7102, org.springframework.boot.test.json.DuplicateJsonObjectContextCustomizerFactory$DuplicateJsonObjectContextCustomizer@34f7cfd9, org.springframework.boot.test.mock.mockito.MockitoContextCustomizer@0, org.springframework.boot.test.web.client.TestRestTemplateContextCustomizer@41e1e210, org.springframework.boot.test.autoconfigure.actuate.metrics.MetricsExportContextCustomizerFactory$DisableMetricExportContextCustomizer@51dcb805, org.springframework.boot.test.autoconfigure.properties.PropertyMappingContextCustomizer@0, org.springframework.boot.test.autoconfigure.web.servlet.WebDriverContextCustomizerFactory$Customizer@2fd1433e, org.springframework.boot.test.context.SpringBootTestArgs@1, org.springframework.boot.test.context.SpringBootTestWebEnvironment@23faf8f2], resourceBasePath = 'src/main/webapp', contextLoader = 'org.springframework.boot.test.context.SpringBootContextLoader', parent = [null]], attributes = map['org.springframework.test.context.web.ServletTestExecutionListener.activateListener' -> true]], class annotated with @DirtiesContext [false] with mode [null].

  .   ____          _            __ _ _
 /\\ / ___'_ __ _ _(_)_ __  __ _ \ \ \ \
( ( )\___ | '_ | '_| | '_ \/ _` | \ \ \ \
 \\/  ___)| |_)| | | | | || (_| |  ) ) ) )
  '  |____| .__|_| |_|_| |_\__, | / / / /
 =========|_|==============|___/=/_/_/_/
 :: Spring Boot ::                (v2.7.3)

2022-09-05 20:53:22.942  INFO 21508 --- [           main] c.vuelafacil.VuelafacilApplicationTests  : Starting VuelafacilApplicationTests using Java 11.0.16 on mariojurado-Inspiron-5437 with PID 21508 (started by mariojurado in /home/mariojurado/Descargas/prueba2)
2022-09-05 20:53:22.945  INFO 21508 --- [           main] c.vuelafacil.VuelafacilApplicationTests  : No active profile set, falling back to 1 default profile: "default"
2022-09-05 20:53:24.316  INFO 21508 --- [           main] .s.d.r.c.RepositoryConfigurationDelegate : Bootstrapping Spring Data JPA repositories in DEFAULT mode.
2022-09-05 20:53:24.427  INFO 21508 --- [           main] .s.d.r.c.RepositoryConfigurationDelegate : Finished Spring Data repository scanning in 97 ms. Found 5 JPA repository interfaces.
2022-09-05 20:53:25.458  INFO 21508 --- [           main] o.hibernate.jpa.internal.util.LogHelper  : HHH000204: Processing PersistenceUnitInfo [name: default]
2022-09-05 20:53:25.545  INFO 21508 --- [           main] org.hibernate.Version                    : HHH000412: Hibernate ORM core version 5.6.10.Final
2022-09-05 20:53:25.790  INFO 21508 --- [           main] o.hibernate.annotations.common.Version   : HCANN000001: Hibernate Commons Annotations {5.1.2.Final}
2022-09-05 20:53:26.006  INFO 21508 --- [           main] com.zaxxer.hikari.HikariDataSource       : HikariPool-1 - Starting...
2022-09-05 20:53:26.443  INFO 21508 --- [           main] com.zaxxer.hikari.HikariDataSource       : HikariPool-1 - Start completed.
2022-09-05 20:53:26.469  INFO 21508 --- [           main] org.hibernate.dialect.Dialect            : HHH000400: Using dialect: org.hibernate.dialect.MySQL5InnoDBDialect
2022-09-05 20:53:26.935  INFO 21508 --- [           main] org.hibernate.tuple.PojoInstantiator     : HHH000182: No default (no-argument) constructor for class: com.vuelafacil.entidades.Rutas (class must be instantiated by Interceptor)
2022-09-05 20:53:27.686  INFO 21508 --- [           main] o.h.e.t.j.p.i.JtaPlatformInitiator       : HHH000490: Using JtaPlatform implementation: [org.hibernate.engine.transaction.jta.platform.internal.NoJtaPlatform]
2022-09-05 20:53:27.700  INFO 21508 --- [           main] j.LocalContainerEntityManagerFactoryBean : Initialized JPA EntityManagerFactory for persistence unit 'default'
2022-09-05 20:53:29.322  WARN 21508 --- [           main] JpaBaseConfiguration$JpaWebConfiguration : spring.jpa.open-in-view is enabled by default. Therefore, database queries may be performed during view rendering. Explicitly configure spring.jpa.open-in-view to disable this warning
2022-09-05 20:53:30.681  INFO 21508 --- [           main] o.s.b.a.w.s.WelcomePageHandlerMapping    : Adding welcome page template: index
2022-09-05 20:53:31.335  INFO 21508 --- [           main] c.vuelafacil.VuelafacilApplicationTests  : Started VuelafacilApplicationTests in 9.107 seconds (JVM running for 10.802)
]]></system-out>
  </testcase>
</testsuite>