<?xml version="1.0" encoding="UTF-8"?>
<testsuite xmlns:xsi="http://www.w3.org/2001/XMLSchema-instance" xsi:noNamespaceSchemaLocation="https://maven.apache.org/surefire/maven-surefire-plugin/xsd/surefire-test-report.xsd" name="com.vuelafacil.VuelafacilApplicationTests" time="6.54" tests="1" errors="1" skipped="0" failures="0">
  <properties>
[...]
</properties>
  <testcase name="probarSiSeCreaUnaNuevaCategoria" classname="com.vuelafacil.VuelafacilApplicationTests" time="0.203">
    <error message="could not execute statement; nested exception is org.hibernate.exception.GenericJDBCException: could not execute statement" type="org.springframework.orm.jpa.JpaSystemException">org.springframework.orm.jpa.JpaSystemException: could not execute statement; nested exception is org.hibernate.exception.GenericJDBCException: could not execute statement
	at com.vuelafacil.VuelafacilApplicationTests.probarSiSeCreaUnaNuevaCategoria(VuelafacilApplicationTests.java:18)
Caused by: org.hibernate.exception.GenericJDBCException: could not execute statement
	at com.vuelafacil.VuelafacilApplicationTests.probarSiSeCreaUnaNuevaCategoria(VuelafacilApplicationTests.java:18)
Caused by: java.sql.SQLException: Field 'ciudid' doesn't have a default value
	at com.vuelafacil.VuelafacilApplicationTests.probarSiSeCreaUnaNuevaCategoria(VuelafacilApplicationTests.java:18)
</error>
    <system-out><![CDATA[00:50:33.770 [main] DEBUG org.springframework.test.context.BootstrapUtils - Instantiating CacheAwareContextLoaderDelegate from class [org.springframework.test.context.cache.DefaultCacheAwareContextLoaderDelegate]
00:50:33.781 [main] DEBUG org.springframework.test.context.BootstrapUtils - Instantiating BootstrapContext using constructor [public org.springframework.test.context.support.DefaultBootstrapContext(java.lang.Class,org.springframework.test.context.CacheAwareContextLoaderDelegate)]
00:50:33.833 [main] DEBUG org.springframework.test.context.BootstrapUtils - Instantiating TestContextBootstrapper for test class [com.vuelafacil.VuelafacilApplicationTests] from class [org.springframework.boot.test.context.SpringBootTestContextBootstrapper]
00:50:33.847 [main] INFO org.springframework.boot.test.context.SpringBootTestContextBootstrapper - Neither @ContextConfiguration nor @ContextHierarchy found for test class [com.vuelafacil.VuelafacilApplicationTests], using SpringBootContextLoader
00:50:33.853 [main] DEBUG org.springframework.test.context.support.AbstractContextLoader - Did not detect default resource location for test class [com.vuelafacil.VuelafacilApplicationTests]: class path resource [com/vuelafacil/VuelafacilApplicationTests-context.xml] does not exist
00:50:33.854 [main] DEBUG org.springframework.test.context.support.AbstractContextLoader - Did not detect default resource location for test class [com.vuelafacil.VuelafacilApplicationTests]: class path resource [com/vuelafacil/VuelafacilApplicationTestsContext.groovy] does not exist
00:50:33.855 [main] INFO org.springframework.test.context.support.AbstractContextLoader - Could not detect default resource locations for test class [com.vuelafacil.VuelafacilApplicationTests]: no resource found for suffixes {-context.xml, Context.groovy}.
00:50:33.856 [main] INFO org.springframework.test.context.support.AnnotationConfigContextLoaderUtils - Could not detect default configuration classes for test class [com.vuelafacil.VuelafacilApplicationTests]: VuelafacilApplicationTests does not declare any static, non-private, non-final, nested classes annotated with @Configuration.
00:50:33.929 [main] DEBUG org.springframework.test.context.support.ActiveProfilesUtils - Could not find an 'annotation declaring class' for annotation type [org.springframework.test.context.ActiveProfiles] and class [com.vuelafacil.VuelafacilApplicationTests]
00:50:34.020 [main] DEBUG org.springframework.context.annotation.ClassPathScanningCandidateComponentProvider - Identified candidate component class: file [/home/mariojurado/Descargas/prueba2/target/classes/com/vuelafacil/VuelafacilApplication.class]
00:50:34.021 [main] INFO org.springframework.boot.test.context.SpringBootTestContextBootstrapper - Found @SpringBootConfiguration com.vuelafacil.VuelafacilApplication for test class com.vuelafacil.VuelafacilApplicationTests
00:50:34.157 [main] DEBUG org.springframework.boot.test.context.SpringBootTestContextBootstrapper - @TestExecutionListeners is not present for class [com.vuelafacil.VuelafacilApplicationTests]: using defaults.
00:50:34.158 [main] INFO org.springframework.boot.test.context.SpringBootTestContextBootstrapper - Loaded default TestExecutionListener class names from location [META-INF/spring.factories]: [org.springframework.boot.test.mock.mockito.MockitoTestExecutionListener, org.springframework.boot.test.mock.mockito.ResetMocksTestExecutionListener, org.springframework.boot.test.autoconfigure.restdocs.RestDocsTestExecutionListener, org.springframework.boot.test.autoconfigure.web.client.MockRestServiceServerResetTestExecutionListener, org.springframework.boot.test.autoconfigure.web.servlet.MockMvcPrintOnlyOnFailureTestExecutionListener, org.springframework.boot.test.autoconfigure.web.servlet.WebDriverTestExecutionListener, org.springframework.boot.test.autoconfigure.webservices.client.MockWebServiceServerTestExecutionListener, org.springframework.test.context.web.ServletTestExecutionListener, org.springframework.test.context.support.DirtiesContextBeforeModesTestExecutionListener, org.springframework.test.context.event.ApplicationEventsTestExecutionListener, org.springframework.test.context.support.DependencyInjectionTestExecutionListener, org.springframework.test.context.support.DirtiesContextTestExecutionListener, org.springframework.test.context.transaction.TransactionalTestExecutionListener, org.springframework.test.context.jdbc.SqlScriptsTestExecutionListener, org.springframework.test.context.event.EventPublishingTestExecutionListener]
00:50:34.181 [main] INFO org.springframework.boot.test.context.SpringBootTestContextBootstrapper - Using TestExecutionListeners: [org.springframework.test.context.web.ServletTestExecutionListener@301eda63, org.springframework.test.context.support.DirtiesContextBeforeModesTestExecutionListener@3d246ea3, org.springframework.test.context.event.ApplicationEventsTestExecutionListener@341814d3, org.springframework.boot.test.mock.mockito.MockitoTestExecutionListener@4397ad89, org.springframework.boot.test.autoconfigure.SpringBootDependencyInjectionTestExecutionListener@59cba5a, org.springframework.test.context.support.DirtiesContextTestExecutionListener@1bd39d3c, org.springframework.test.context.transaction.TransactionalTestExecutionListener@6f19ac19, org.springframework.test.context.jdbc.SqlScriptsTestExecutionListener@119cbf96, org.springframework.test.context.event.EventPublishingTestExecutionListener@71329995, org.springframework.boot.test.mock.mockito.ResetMocksTestExecutionListener@768fc0f2, org.springframework.boot.test.autoconfigure.restdocs.RestDocsTestExecutionListener@5454d35e, org.springframework.boot.test.autoconfigure.web.client.MockRestServiceServerResetTestExecutionListener@20c0a64d, org.springframework.boot.test.autoconfigure.web.servlet.MockMvcPrintOnlyOnFailureTestExecutionListener@455b6df1, org.springframework.boot.test.autoconfigure.web.servlet.WebDriverTestExecutionListener@4ddbbdf8, org.springframework.boot.test.autoconfigure.webservices.client.MockWebServiceServerTestExecutionListener@3f67593e]
00:50:34.187 [main] DEBUG org.springframework.test.context.support.AbstractDirtiesContextTestExecutionListener - Before test class: context [DefaultTestContext@4241e0f4 testClass = VuelafacilApplicationTests, testInstance = [null], testMethod = [null], testException = [null], mergedContextConfiguration = [WebMergedContextConfiguration@4ebff610 testClass = VuelafacilApplicationTests, locations = '{}', classes = '{class com.vuelafacil.VuelafacilApplication}', contextInitializerClasses = '[]', activeProfiles = '{}', propertySourceLocations = '{}', propertySourceProperties = '{org.springframework.boot.test.context.SpringBootTestContextBootstrapper=true}', contextCustomizers = set[org.springframework.boot.test.context.filter.ExcludeFilterContextCustomizer@74455848, org.springframework.boot.test.json.DuplicateJsonObjectContextCustomizerFactory$DuplicateJsonObjectContextCustomizer@11bd0f3b, org.springframework.boot.test.mock.mockito.MockitoContextCustomizer@0, org.springframework.boot.test.web.client.TestRestTemplateContextCustomizer@b62d79, org.springframework.boot.test.autoconfigure.actuate.metrics.MetricsExportContextCustomizerFactory$DisableMetricExportContextCustomizer@1cbb87f3, org.springframework.boot.test.autoconfigure.properties.PropertyMappingContextCustomizer@0, org.springframework.boot.test.autoconfigure.web.servlet.WebDriverContextCustomizerFactory$Customizer@7ea9e1e2, org.springframework.boot.test.context.SpringBootTestArgs@1, org.springframework.boot.test.context.SpringBootTestWebEnvironment@d44fc21], resourceBasePath = 'src/main/webapp', contextLoader = 'org.springframework.boot.test.context.SpringBootContextLoader', parent = [null]], attributes = map['org.springframework.test.context.web.ServletTestExecutionListener.activateListener' -> true]], class annotated with @DirtiesContext [false] with mode [null].

  .   ____          _            __ _ _
 /\\ / ___'_ __ _ _(_)_ __  __ _ \ \ \ \
( ( )\___ | '_ | '_| | '_ \/ _` | \ \ \ \
 \\/  ___)| |_)| | | | | || (_| |  ) ) ) )
  '  |____| .__|_| |_|_| |_\__, | / / / /
 =========|_|==============|___/=/_/_/_/
 :: Spring Boot ::                (v2.7.3)

2022-09-01 00:50:34.691  INFO 51470 --- [           main] c.vuelafacil.VuelafacilApplicationTests  : Starting VuelafacilApplicationTests using Java 11.0.16 on mariojurado-Inspiron-5437 with PID 51470 (started by mariojurado in /home/mariojurado/Descargas/prueba2)
2022-09-01 00:50:34.693  INFO 51470 --- [           main] c.vuelafacil.VuelafacilApplicationTests  : No active profile set, falling back to 1 default profile: "default"
2022-09-01 00:50:35.650  INFO 51470 --- [           main] .s.d.r.c.RepositoryConfigurationDelegate : Bootstrapping Spring Data JPA repositories in DEFAULT mode.
2022-09-01 00:50:35.726  INFO 51470 --- [           main] .s.d.r.c.RepositoryConfigurationDelegate : Finished Spring Data repository scanning in 66 ms. Found 5 JPA repository interfaces.
2022-09-01 00:50:36.510  INFO 51470 --- [           main] o.hibernate.jpa.internal.util.LogHelper  : HHH000204: Processing PersistenceUnitInfo [name: default]
2022-09-01 00:50:36.567  INFO 51470 --- [           main] org.hibernate.Version                    : HHH000412: Hibernate ORM core version 5.6.10.Final
2022-09-01 00:50:36.754  INFO 51470 --- [           main] o.hibernate.annotations.common.Version   : HCANN000001: Hibernate Commons Annotations {5.1.2.Final}
2022-09-01 00:50:36.875  INFO 51470 --- [           main] com.zaxxer.hikari.HikariDataSource       : HikariPool-1 - Starting...
2022-09-01 00:50:37.203  INFO 51470 --- [           main] com.zaxxer.hikari.HikariDataSource       : HikariPool-1 - Start completed.
2022-09-01 00:50:37.224  INFO 51470 --- [           main] org.hibernate.dialect.Dialect            : HHH000400: Using dialect: org.hibernate.dialect.MySQL5InnoDBDialect
2022-09-01 00:50:37.656  INFO 51470 --- [           main] org.hibernate.tuple.PojoInstantiator     : HHH000182: No default (no-argument) constructor for class: com.vuelafacil.entidades.Rutas (class must be instantiated by Interceptor)
2022-09-01 00:50:38.211  INFO 51470 --- [           main] o.h.e.t.j.p.i.JtaPlatformInitiator       : HHH000490: Using JtaPlatform implementation: [org.hibernate.engine.transaction.jta.platform.internal.NoJtaPlatform]
2022-09-01 00:50:38.224  INFO 51470 --- [           main] j.LocalContainerEntityManagerFactoryBean : Initialized JPA EntityManagerFactory for persistence unit 'default'
2022-09-01 00:50:39.159  WARN 51470 --- [           main] JpaBaseConfiguration$JpaWebConfiguration : spring.jpa.open-in-view is enabled by default. Therefore, database queries may be performed during view rendering. Explicitly configure spring.jpa.open-in-view to disable this warning
2022-09-01 00:50:39.534  INFO 51470 --- [           main] o.s.b.a.w.s.WelcomePageHandlerMapping    : Adding welcome page template: index
2022-09-01 00:50:39.973  INFO 51470 --- [           main] c.vuelafacil.VuelafacilApplicationTests  : Started VuelafacilApplicationTests in 5.737 seconds (JVM running for 7.139)
2022-09-01 00:50:40.170  WARN 51470 --- [           main] o.h.engine.jdbc.spi.SqlExceptionHelper   : SQL Error: 1364, SQLState: HY000
2022-09-01 00:50:40.170 ERROR 51470 --- [           main] o.h.engine.jdbc.spi.SqlExceptionHelper   : Field 'ciudid' doesn't have a default value
]]></system-out>
  </testcase>
</testsuite>